[INFO  - 2016-06-06T07:36:15.310Z] GhostDriver - Main - running on port 31418
[INFO  - 2016-06-06T07:36:15.461Z] Session [59a8d600-2bb9-11e6-8640-251144ea85dc] - page.settings - {"XSSAuditingEnabled":false,"javascriptCanCloseWindows":true,"javascriptCanOpenWindows":true,"javascriptEnabled":true,"loadImages":true,"localToRemoteUrlAccessEnabled":false,"userAgent":"Mozilla/5.0 (Windows NT 6.1;\n          WOW64) AppleWebKit/537.36 (KHTML, like Gecko) Chrome/37.0.2062.120\n          Safari/537.36","webSecurityEnabled":true}
[INFO  - 2016-06-06T07:36:15.462Z] Session [59a8d600-2bb9-11e6-8640-251144ea85dc] - page.customHeaders:  - {}
[INFO  - 2016-06-06T07:36:15.462Z] Session [59a8d600-2bb9-11e6-8640-251144ea85dc] - Session.negotiatedCapabilities - {"browserName":"phantomjs","version":"2.1.1","driverName":"ghostdriver","driverVersion":"1.2.0","platform":"mac-10.11 (El Capitan)-64bit","javascriptEnabled":true,"takesScreenshot":true,"handlesAlerts":false,"databaseEnabled":false,"locationContextEnabled":false,"applicationCacheEnabled":false,"browserConnectionEnabled":false,"cssSelectorsEnabled":true,"webStorageEnabled":false,"rotatable":false,"acceptSslCerts":false,"nativeEvents":true,"proxy":{"proxyType":"direct"},"phantomjs.page.settings.userAgent":"Mozilla/5.0 (Windows NT 6.1;\n          WOW64) AppleWebKit/537.36 (KHTML, like Gecko) Chrome/37.0.2062.120\n          Safari/537.36"}
[INFO  - 2016-06-06T07:36:15.462Z] SessionManagerReqHand - _postNewSessionCommand - New Session Created: 59a8d600-2bb9-11e6-8640-251144ea85dc
[INFO  - 2016-06-06T07:36:19.858Z] ShutdownReqHand - _handle - About to shutdown
[INFO  - 2016-06-06T07:36:25.591Z] GhostDriver - Main - running on port 44344
[INFO  - 2016-06-06T07:36:25.647Z] Session [5fbb18a0-2bb9-11e6-81dc-111989392d5f] - page.settings - {"XSSAuditingEnabled":false,"javascriptCanCloseWindows":true,"javascriptCanOpenWindows":true,"javascriptEnabled":true,"loadImages":true,"localToRemoteUrlAccessEnabled":false,"userAgent":"Mozilla/5.0 (Windows NT 6.1;\n          WOW64) AppleWebKit/537.36 (KHTML, like Gecko) Chrome/37.0.2062.120\n          Safari/537.36","webSecurityEnabled":true}
[INFO  - 2016-06-06T07:36:25.647Z] Session [5fbb18a0-2bb9-11e6-81dc-111989392d5f] - page.customHeaders:  - {}
[INFO  - 2016-06-06T07:36:25.647Z] Session [5fbb18a0-2bb9-11e6-81dc-111989392d5f] - Session.negotiatedCapabilities - {"browserName":"phantomjs","version":"2.1.1","driverName":"ghostdriver","driverVersion":"1.2.0","platform":"mac-10.11 (El Capitan)-64bit","javascriptEnabled":true,"takesScreenshot":true,"handlesAlerts":false,"databaseEnabled":false,"locationContextEnabled":false,"applicationCacheEnabled":false,"browserConnectionEnabled":false,"cssSelectorsEnabled":true,"webStorageEnabled":false,"rotatable":false,"acceptSslCerts":false,"nativeEvents":true,"proxy":{"proxyType":"direct"},"phantomjs.page.settings.userAgent":"Mozilla/5.0 (Windows NT 6.1;\n          WOW64) AppleWebKit/537.36 (KHTML, like Gecko) Chrome/37.0.2062.120\n          Safari/537.36"}
[INFO  - 2016-06-06T07:36:25.648Z] SessionManagerReqHand - _postNewSessionCommand - New Session Created: 5fbb18a0-2bb9-11e6-81dc-111989392d5f
[INFO  - 2016-06-06T07:36:28.459Z] ShutdownReqHand - _handle - About to shutdown
[INFO  - 2016-06-06T07:36:50.043Z] GhostDriver - Main - running on port 43696
[INFO  - 2016-06-06T07:36:50.073Z] Session [6e4a0e30-2bb9-11e6-ae3d-4396cd2b2bab] - page.settings - {"XSSAuditingEnabled":false,"javascriptCanCloseWindows":true,"javascriptCanOpenWindows":true,"javascriptEnabled":true,"loadImages":true,"localToRemoteUrlAccessEnabled":false,"userAgent":"Mozilla/5.0 (Windows NT 6.1;\n          WOW64) AppleWebKit/537.36 (KHTML, like Gecko) Chrome/37.0.2062.120\n          Safari/537.36","webSecurityEnabled":true}
[INFO  - 2016-06-06T07:36:50.073Z] Session [6e4a0e30-2bb9-11e6-ae3d-4396cd2b2bab] - page.customHeaders:  - {}
[INFO  - 2016-06-06T07:36:50.073Z] Session [6e4a0e30-2bb9-11e6-ae3d-4396cd2b2bab] - Session.negotiatedCapabilities - {"browserName":"phantomjs","version":"2.1.1","driverName":"ghostdriver","driverVersion":"1.2.0","platform":"mac-10.11 (El Capitan)-64bit","javascriptEnabled":true,"takesScreenshot":true,"handlesAlerts":false,"databaseEnabled":false,"locationContextEnabled":false,"applicationCacheEnabled":false,"browserConnectionEnabled":false,"cssSelectorsEnabled":true,"webStorageEnabled":false,"rotatable":false,"acceptSslCerts":false,"nativeEvents":true,"proxy":{"proxyType":"direct"},"phantomjs.page.settings.userAgent":"Mozilla/5.0 (Windows NT 6.1;\n          WOW64) AppleWebKit/537.36 (KHTML, like Gecko) Chrome/37.0.2062.120\n          Safari/537.36"}
[INFO  - 2016-06-06T07:36:50.073Z] SessionManagerReqHand - _postNewSessionCommand - New Session Created: 6e4a0e30-2bb9-11e6-ae3d-4396cd2b2bab
[INFO  - 2016-06-06T07:36:54.212Z] ShutdownReqHand - _handle - About to shutdown
[INFO  - 2016-06-06T07:47:50.394Z] GhostDriver - Main - running on port 41062
[INFO  - 2016-06-06T07:47:50.546Z] Session [f7f63cc0-2bba-11e6-a874-e1955856c97b] - page.settings - {"XSSAuditingEnabled":false,"javascriptCanCloseWindows":true,"javascriptCanOpenWindows":true,"javascriptEnabled":true,"loadImages":true,"localToRemoteUrlAccessEnabled":false,"userAgent":"Mozilla/5.0 (Windows NT 6.1;\n          WOW64) AppleWebKit/537.36 (KHTML, like Gecko) Chrome/37.0.2062.120\n          Safari/537.36","webSecurityEnabled":true}
[INFO  - 2016-06-06T07:47:50.546Z] Session [f7f63cc0-2bba-11e6-a874-e1955856c97b] - page.customHeaders:  - {}
[INFO  - 2016-06-06T07:47:50.546Z] Session [f7f63cc0-2bba-11e6-a874-e1955856c97b] - Session.negotiatedCapabilities - {"browserName":"phantomjs","version":"2.1.1","driverName":"ghostdriver","driverVersion":"1.2.0","platform":"mac-10.11 (El Capitan)-64bit","javascriptEnabled":true,"takesScreenshot":true,"handlesAlerts":false,"databaseEnabled":false,"locationContextEnabled":false,"applicationCacheEnabled":false,"browserConnectionEnabled":false,"cssSelectorsEnabled":true,"webStorageEnabled":false,"rotatable":false,"acceptSslCerts":false,"nativeEvents":true,"proxy":{"proxyType":"direct"},"phantomjs.page.settings.userAgent":"Mozilla/5.0 (Windows NT 6.1;\n          WOW64) AppleWebKit/537.36 (KHTML, like Gecko) Chrome/37.0.2062.120\n          Safari/537.36"}
[INFO  - 2016-06-06T07:47:50.546Z] SessionManagerReqHand - _postNewSessionCommand - New Session Created: f7f63cc0-2bba-11e6-a874-e1955856c97b
[INFO  - 2016-06-06T07:47:54.730Z] ShutdownReqHand - _handle - About to shutdown
[INFO  - 2016-06-06T07:48:03.988Z] GhostDriver - Main - running on port 31317
[INFO  - 2016-06-06T07:48:04.053Z] Session [00036500-2bbb-11e6-8f75-d1f1aa48e25d] - page.settings - {"XSSAuditingEnabled":false,"javascriptCanCloseWindows":true,"javascriptCanOpenWindows":true,"javascriptEnabled":true,"loadImages":true,"localToRemoteUrlAccessEnabled":false,"userAgent":"Mozilla/5.0 (Windows NT 6.1;\n          WOW64) AppleWebKit/537.36 (KHTML, like Gecko) Chrome/37.0.2062.120\n          Safari/537.36","webSecurityEnabled":true}
[INFO  - 2016-06-06T07:48:04.053Z] Session [00036500-2bbb-11e6-8f75-d1f1aa48e25d] - page.customHeaders:  - {}
[INFO  - 2016-06-06T07:48:04.053Z] Session [00036500-2bbb-11e6-8f75-d1f1aa48e25d] - Session.negotiatedCapabilities - {"browserName":"phantomjs","version":"2.1.1","driverName":"ghostdriver","driverVersion":"1.2.0","platform":"mac-10.11 (El Capitan)-64bit","javascriptEnabled":true,"takesScreenshot":true,"handlesAlerts":false,"databaseEnabled":false,"locationContextEnabled":false,"applicationCacheEnabled":false,"browserConnectionEnabled":false,"cssSelectorsEnabled":true,"webStorageEnabled":false,"rotatable":false,"acceptSslCerts":false,"nativeEvents":true,"proxy":{"proxyType":"direct"},"phantomjs.page.settings.userAgent":"Mozilla/5.0 (Windows NT 6.1;\n          WOW64) AppleWebKit/537.36 (KHTML, like Gecko) Chrome/37.0.2062.120\n          Safari/537.36"}
[INFO  - 2016-06-06T07:48:04.054Z] SessionManagerReqHand - _postNewSessionCommand - New Session Created: 00036500-2bbb-11e6-8f75-d1f1aa48e25d
[INFO  - 2016-06-06T07:48:08.046Z] ShutdownReqHand - _handle - About to shutdown
[INFO  - 2016-06-06T07:54:28.880Z] GhostDriver - Main - running on port 37449
[INFO  - 2016-06-06T07:54:28.924Z] Session [e5699740-2bbb-11e6-b2d5-2510107db4d9] - page.settings - {"XSSAuditingEnabled":false,"javascriptCanCloseWindows":true,"javascriptCanOpenWindows":true,"javascriptEnabled":true,"loadImages":true,"localToRemoteUrlAccessEnabled":false,"userAgent":"Mozilla/5.0 (Windows NT 6.1;\n          WOW64) AppleWebKit/537.36 (KHTML, like Gecko) Chrome/37.0.2062.120\n          Safari/537.36","webSecurityEnabled":true}
[INFO  - 2016-06-06T07:54:28.925Z] Session [e5699740-2bbb-11e6-b2d5-2510107db4d9] - page.customHeaders:  - {}
[INFO  - 2016-06-06T07:54:28.925Z] Session [e5699740-2bbb-11e6-b2d5-2510107db4d9] - Session.negotiatedCapabilities - {"browserName":"phantomjs","version":"2.1.1","driverName":"ghostdriver","driverVersion":"1.2.0","platform":"mac-10.11 (El Capitan)-64bit","javascriptEnabled":true,"takesScreenshot":true,"handlesAlerts":false,"databaseEnabled":false,"locationContextEnabled":false,"applicationCacheEnabled":false,"browserConnectionEnabled":false,"cssSelectorsEnabled":true,"webStorageEnabled":false,"rotatable":false,"acceptSslCerts":false,"nativeEvents":true,"proxy":{"proxyType":"direct"},"phantomjs.page.settings.userAgent":"Mozilla/5.0 (Windows NT 6.1;\n          WOW64) AppleWebKit/537.36 (KHTML, like Gecko) Chrome/37.0.2062.120\n          Safari/537.36"}
[INFO  - 2016-06-06T07:54:28.925Z] SessionManagerReqHand - _postNewSessionCommand - New Session Created: e5699740-2bbb-11e6-b2d5-2510107db4d9
[INFO  - 2016-06-06T07:54:33.057Z] ShutdownReqHand - _handle - About to shutdown
[INFO  - 2016-06-06T07:54:45.630Z] GhostDriver - Main - running on port 10323
[INFO  - 2016-06-06T07:54:45.673Z] Session [ef654910-2bbb-11e6-90ba-19b655feb187] - page.settings - {"XSSAuditingEnabled":false,"javascriptCanCloseWindows":true,"javascriptCanOpenWindows":true,"javascriptEnabled":true,"loadImages":true,"localToRemoteUrlAccessEnabled":false,"userAgent":"Mozilla/5.0 (Windows NT 6.1;\n          WOW64) AppleWebKit/537.36 (KHTML, like Gecko) Chrome/37.0.2062.120\n          Safari/537.36","webSecurityEnabled":true}
[INFO  - 2016-06-06T07:54:45.673Z] Session [ef654910-2bbb-11e6-90ba-19b655feb187] - page.customHeaders:  - {}
[INFO  - 2016-06-06T07:54:45.673Z] Session [ef654910-2bbb-11e6-90ba-19b655feb187] - Session.negotiatedCapabilities - {"browserName":"phantomjs","version":"2.1.1","driverName":"ghostdriver","driverVersion":"1.2.0","platform":"mac-10.11 (El Capitan)-64bit","javascriptEnabled":true,"takesScreenshot":true,"handlesAlerts":false,"databaseEnabled":false,"locationContextEnabled":false,"applicationCacheEnabled":false,"browserConnectionEnabled":false,"cssSelectorsEnabled":true,"webStorageEnabled":false,"rotatable":false,"acceptSslCerts":false,"nativeEvents":true,"proxy":{"proxyType":"direct"},"phantomjs.page.settings.userAgent":"Mozilla/5.0 (Windows NT 6.1;\n          WOW64) AppleWebKit/537.36 (KHTML, like Gecko) Chrome/37.0.2062.120\n          Safari/537.36"}
[INFO  - 2016-06-06T07:54:45.673Z] SessionManagerReqHand - _postNewSessionCommand - New Session Created: ef654910-2bbb-11e6-90ba-19b655feb187
[INFO  - 2016-06-06T07:54:49.446Z] ShutdownReqHand - _handle - About to shutdown
[INFO  - 2016-06-06T07:54:53.708Z] GhostDriver - Main - running on port 42604
[INFO  - 2016-06-06T07:54:53.752Z] Session [f4363210-2bbb-11e6-8d8e-631ec24a7c4c] - page.settings - {"XSSAuditingEnabled":false,"javascriptCanCloseWindows":true,"javascriptCanOpenWindows":true,"javascriptEnabled":true,"loadImages":true,"localToRemoteUrlAccessEnabled":false,"userAgent":"Mozilla/5.0 (Windows NT 6.1;\n          WOW64) AppleWebKit/537.36 (KHTML, like Gecko) Chrome/37.0.2062.120\n          Safari/537.36","webSecurityEnabled":true}
[INFO  - 2016-06-06T07:54:53.752Z] Session [f4363210-2bbb-11e6-8d8e-631ec24a7c4c] - page.customHeaders:  - {}
[INFO  - 2016-06-06T07:54:53.752Z] Session [f4363210-2bbb-11e6-8d8e-631ec24a7c4c] - Session.negotiatedCapabilities - {"browserName":"phantomjs","version":"2.1.1","driverName":"ghostdriver","driverVersion":"1.2.0","platform":"mac-10.11 (El Capitan)-64bit","javascriptEnabled":true,"takesScreenshot":true,"handlesAlerts":false,"databaseEnabled":false,"locationContextEnabled":false,"applicationCacheEnabled":false,"browserConnectionEnabled":false,"cssSelectorsEnabled":true,"webStorageEnabled":false,"rotatable":false,"acceptSslCerts":false,"nativeEvents":true,"proxy":{"proxyType":"direct"},"phantomjs.page.settings.userAgent":"Mozilla/5.0 (Windows NT 6.1;\n          WOW64) AppleWebKit/537.36 (KHTML, like Gecko) Chrome/37.0.2062.120\n          Safari/537.36"}
[INFO  - 2016-06-06T07:54:53.752Z] SessionManagerReqHand - _postNewSessionCommand - New Session Created: f4363210-2bbb-11e6-8d8e-631ec24a7c4c
[INFO  - 2016-06-06T07:54:56.414Z] ShutdownReqHand - _handle - About to shutdown
[INFO  - 2016-06-06T07:54:59.565Z] GhostDriver - Main - running on port 36233
[INFO  - 2016-06-06T07:54:59.621Z] Session [f7b5bbe0-2bbb-11e6-87a3-1b89d11a8a04] - page.settings - {"XSSAuditingEnabled":false,"javascriptCanCloseWindows":true,"javascriptCanOpenWindows":true,"javascriptEnabled":true,"loadImages":true,"localToRemoteUrlAccessEnabled":false,"userAgent":"Mozilla/5.0 (Windows NT 6.1;\n          WOW64) AppleWebKit/537.36 (KHTML, like Gecko) Chrome/37.0.2062.120\n          Safari/537.36","webSecurityEnabled":true}
[INFO  - 2016-06-06T07:54:59.621Z] Session [f7b5bbe0-2bbb-11e6-87a3-1b89d11a8a04] - page.customHeaders:  - {}
[INFO  - 2016-06-06T07:54:59.621Z] Session [f7b5bbe0-2bbb-11e6-87a3-1b89d11a8a04] - Session.negotiatedCapabilities - {"browserName":"phantomjs","version":"2.1.1","driverName":"ghostdriver","driverVersion":"1.2.0","platform":"mac-10.11 (El Capitan)-64bit","javascriptEnabled":true,"takesScreenshot":true,"handlesAlerts":false,"databaseEnabled":false,"locationContextEnabled":false,"applicationCacheEnabled":false,"browserConnectionEnabled":false,"cssSelectorsEnabled":true,"webStorageEnabled":false,"rotatable":false,"acceptSslCerts":false,"nativeEvents":true,"proxy":{"proxyType":"direct"},"phantomjs.page.settings.userAgent":"Mozilla/5.0 (Windows NT 6.1;\n          WOW64) AppleWebKit/537.36 (KHTML, like Gecko) Chrome/37.0.2062.120\n          Safari/537.36"}
[INFO  - 2016-06-06T07:54:59.621Z] SessionManagerReqHand - _postNewSessionCommand - New Session Created: f7b5bbe0-2bbb-11e6-87a3-1b89d11a8a04
[INFO  - 2016-06-06T07:55:03.983Z] ShutdownReqHand - _handle - About to shutdown
